TN:
SF:src\Trabalho01Turma01.js
FN:2,(anonymous_0)
FN:6,(anonymous_1)
FN:10,(anonymous_2)
FN:17,(anonymous_3)
FN:18,(anonymous_4)
FN:21,(anonymous_5)
FN:22,(anonymous_6)
FN:25,(anonymous_7)
FN:26,(anonymous_8)
FN:36,(anonymous_9)
FN:40,(anonymous_10)
FN:44,(anonymous_11)
FN:55,(anonymous_12)
FN:56,(anonymous_13)
FN:59,(anonymous_14)
FN:60,(anonymous_15)
FN:63,(anonymous_16)
FN:64,(anonymous_17)
FN:67,(anonymous_18)
FN:68,(anonymous_19)
FN:71,(anonymous_20)
FN:82,(anonymous_21)
FN:85,(anonymous_22)
FN:92,(anonymous_23)
FN:93,(anonymous_24)
FN:96,(anonymous_25)
FN:97,(anonymous_26)
FN:100,(anonymous_27)
FN:110,(anonymous_28)
FN:111,(anonymous_29)
FN:114,(anonymous_30)
FN:115,(anonymous_31)
FN:118,(anonymous_32)
FN:119,(anonymous_33)
FN:124,(anonymous_34)
FN:134,(anonymous_35)
FN:135,(anonymous_36)
FN:138,(anonymous_37)
FN:139,(anonymous_38)
FNF:39
FNH:39
FNDA:27,(anonymous_0)
FNDA:41,(anonymous_1)
FNDA:15,(anonymous_2)
FNDA:1,(anonymous_3)
FNDA:1,(anonymous_4)
FNDA:17,(anonymous_5)
FNDA:16,(anonymous_6)
FNDA:2,(anonymous_7)
FNDA:2,(anonymous_8)
FNDA:9,(anonymous_9)
FNDA:1,(anonymous_10)
FNDA:2,(anonymous_11)
FNDA:3,(anonymous_12)
FNDA:6,(anonymous_13)
FNDA:1,(anonymous_14)
FNDA:2,(anonymous_15)
FNDA:1,(anonymous_16)
FNDA:2,(anonymous_17)
FNDA:2,(anonymous_18)
FNDA:4,(anonymous_19)
FNDA:2,(anonymous_20)
FNDA:2,(anonymous_21)
FNDA:1,(anonymous_22)
FNDA:2,(anonymous_23)
FNDA:4,(anonymous_24)
FNDA:3,(anonymous_25)
FNDA:9,(anonymous_26)
FNDA:2,(anonymous_27)
FNDA:2,(anonymous_28)
FNDA:4,(anonymous_29)
FNDA:2,(anonymous_30)
FNDA:4,(anonymous_31)
FNDA:1,(anonymous_32)
FNDA:2,(anonymous_33)
FNDA:2,(anonymous_34)
FNDA:1,(anonymous_35)
FNDA:1,(anonymous_36)
FNDA:1,(anonymous_37)
FNDA:1,(anonymous_38)
DA:3,27
DA:7,41
DA:8,1
DA:10,40
DA:11,40
DA:12,1
DA:14,39
DA:18,1
DA:22,17
DA:26,2
DA:27,2
DA:28,1
DA:31,1
DA:37,9
DA:41,1
DA:45,2
DA:46,2
DA:47,1
DA:50,1
DA:56,6
DA:60,2
DA:64,2
DA:68,4
DA:72,2
DA:73,2
DA:74,1
DA:75,1
DA:78,1
DA:83,2
DA:84,2
DA:85,1
DA:88,1
DA:93,4
DA:97,9
DA:101,2
DA:102,2
DA:103,1
DA:106,1
DA:111,4
DA:115,4
DA:119,1
DA:120,2
DA:125,2
DA:126,2
DA:127,1
DA:130,1
DA:135,1
DA:139,1
DA:146,1
LF:49
LH:49
BRDA:7,0,0,1
BRDA:7,0,1,40
BRDA:11,1,0,1
BRDA:11,1,1,39
BRDA:27,2,0,1
BRDA:27,2,1,1
BRDA:46,3,0,1
BRDA:46,3,1,1
BRDA:73,4,0,1
BRDA:73,4,1,1
BRDA:74,5,0,1
BRDA:74,5,1,1
BRDA:84,6,0,1
BRDA:84,6,1,1
BRDA:84,7,0,2
BRDA:84,7,1,1
BRDA:93,8,0,4
BRDA:93,8,1,4
BRDA:102,9,0,1
BRDA:102,9,1,1
BRDA:126,10,0,1
BRDA:126,10,1,1
BRF:22
BRH:22
end_of_record
TN:
SF:src\banco.js
FN:2,(anonymous_0)
FN:9,(anonymous_1)
FN:16,(anonymous_2)
FN:26,(anonymous_3)
FN:34,(anonymous_4)
FN:39,(anonymous_5)
FN:44,(anonymous_6)
FN:49,(anonymous_7)
FN:57,(anonymous_8)
FN:65,(anonymous_9)
FN:72,(anonymous_10)
FN:74,(anonymous_11)
FN:75,(anonymous_12)
FNF:13
FNH:13
FNDA:20,(anonymous_0)
FNDA:6,(anonymous_1)
FNDA:4,(anonymous_2)
FNDA:1,(anonymous_3)
FNDA:7,(anonymous_4)
FNDA:5,(anonymous_5)
FNDA:1,(anonymous_6)
FNDA:2,(anonymous_7)
FNDA:1,(anonymous_8)
FNDA:1,(anonymous_9)
FNDA:2,(anonymous_10)
FNDA:4,(anonymous_11)
FNDA:4,(anonymous_12)
DA:3,20
DA:4,20
DA:5,20
DA:10,6
DA:11,6
DA:12,6
DA:17,4
DA:18,1
DA:20,3
DA:21,3
DA:22,3
DA:27,1
DA:28,1
DA:29,1
DA:35,7
DA:40,5
DA:45,1
DA:50,2
DA:51,1
DA:53,1
DA:58,1
DA:59,1
DA:60,1
DA:61,1
DA:66,1
DA:67,1
DA:68,1
DA:73,2
DA:74,4
DA:75,4
DA:80,1
LF:31
LH:31
BRDA:2,0,0,10
BRDA:17,1,0,1
BRDA:17,1,1,3
BRDA:50,2,0,1
BRDA:50,2,1,1
BRF:5
BRH:5
end_of_record
